{
  "RSpec": {
    "coverage": {
      "/Users/niketjain/Desktop/rubyprojects/Calculator/lib/Calculate.rb": [
        1,
        1,
        1
      ],
      "/Users/niketjain/Desktop/rubyprojects/Calculator/lib/Calculate/calc.rb": [
        null,
        1,
        null,
        1,
        25,
        null,
        null,
        1,
        24,
        null,
        null,
        1,
        7,
        null,
        null,
        1,
        2,
        null,
        null,
        1,
        3,
        1,
        null,
        2,
        null,
        null,
        1,
        2,
        null,
        null,
        1,
        2,
        1,
        null,
        1,
        null,
        null,
        null,
        1,
        2,
        null,
        null,
        1,
        2,
        null,
        0,
        null,
        2,
        null,
        null,
        null,
        1,
        2,
        0,
        null,
        2,
        null,
        null,
        null,
        1,
        2,
        null,
        null,
        1,
        2,
        null,
        null
      ],
      "/Users/niketjain/Desktop/rubyprojects/Calculator/lib/Calculate/parser.rb": [
        null,
        1,
        null,
        1,
        13,
        13,
        null,
        null,
        1,
        null,
        24,
        null,
        24,
        1,
        1,
        2,
        2,
        null,
        null,
        23,
        23,
        null,
        24,
        null,
        null,
        null,
        1,
        null,
        25,
        25,
        7,
        null,
        18,
        18,
        null,
        null,
        null,
        null,
        null
      ],
      "/Users/niketjain/Desktop/rubyprojects/Calculator/lib/Calculate/application.rb": [
        null,
        null,
        1,
        null,
        1,
        1,
        1,
        null,
        null,
        1,
        null,
        0,
        0,
        null,
        0,
        0,
        0,
        0,
        0,
        null,
        null,
        null,
        null,
        1,
        1,
        1,
        null,
        null,
        null
      ],
      "/Users/niketjain/Desktop/rubyprojects/Calculator/spec/Calculate/calc_spec.rb": [
        null,
        1,
        null,
        1,
        null,
        13,
        null,
        1,
        null,
        1,
        1,
        null,
        null,
        1,
        1,
        1,
        null,
        null,
        1,
        1,
        1,
        1,
        null,
        null,
        1,
        1,
        1,
        1,
        null,
        null,
        1,
        1,
        1,
        1,
        null,
        null,
        1,
        1,
        null,
        null,
        1,
        1,
        1,
        null,
        null,
        1,
        1,
        1,
        null,
        null,
        1,
        1,
        1,
        null,
        null,
        1,
        1,
        1,
        null,
        null,
        1,
        1,
        1,
        null,
        null,
        1,
        1,
        1,
        null,
        null,
        null,
        null
      ],
      "/Users/niketjain/Desktop/rubyprojects/Calculator/spec/Calculate/parser_spec.rb": [
        1,
        null,
        1,
        null,
        13,
        null,
        1,
        null,
        1,
        1,
        null,
        null,
        1,
        1,
        1,
        null,
        null,
        1,
        1,
        1,
        null,
        null,
        1,
        1,
        1,
        null,
        null,
        1,
        1,
        1,
        null,
        null,
        1,
        1,
        1,
        null,
        null,
        1,
        1,
        1,
        null,
        null,
        1,
        1,
        1,
        null,
        null,
        1,
        1,
        1,
        null,
        null,
        1,
        1,
        1,
        null,
        null,
        1,
        1,
        1,
        null,
        null,
        1,
        1,
        1,
        1,
        null,
        null,
        null,
        null
      ]
    },
    "timestamp": 1423044812
  }
}
