{
  "RSpec": {
    "coverage": {
      "/Users/niketjain/Desktop/rubyprojects/Calculator/lib/Calculate.rb": [
        1,
        1,
        1
      ],
      "/Users/niketjain/Desktop/rubyprojects/Calculator/lib/Calculate/calc.rb": [
        null,
        1,
        null,
        1,
        15,
        null,
        null,
        1,
        13,
        null,
        null,
        1,
        5,
        null,
        null,
        1,
        1,
        null,
        null,
        1,
        2,
        1,
        null,
        1,
        null,
        null,
        1,
        1,
        null,
        null,
        1,
        1,
        null,
        null,
        1,
        1,
        null,
        null,
        1,
        1,
        null,
        0,
        null,
        1,
        null,
        null,
        null,
        1,
        1,
        0,
        null,
        1,
        null,
        null,
        null,
        1,
        1,
        null,
        null,
        1,
        1,
        null,
        null,
        null
      ],
      "/Users/niketjain/Desktop/rubyprojects/Calculator/lib/Calculate/parser.rb": [
        null,
        1,
        null,
        1,
        3,
        null,
        null,
        1,
        null,
        3,
        3,
        3,
        3,
        null,
        null,
        null
      ],
      "/Users/niketjain/Desktop/rubyprojects/Calculator/lib/Calculate/application.rb": [
        null,
        null,
        1,
        null,
        1,
        1,
        null,
        null,
        1,
        null,
        0,
        0,
        null,
        0,
        0,
        0,
        0,
        0,
        null,
        null,
        null,
        1,
        1,
        1,
        null,
        null
      ],
      "/Users/niketjain/Desktop/rubyprojects/Calculator/spec/Calculate/calc_spec.rb": [
        null,
        1,
        null,
        1,
        null,
        13,
        null,
        1,
        null,
        1,
        1,
        null,
        null,
        1,
        1,
        1,
        null,
        null,
        1,
        1,
        1,
        1,
        null,
        null,
        1,
        1,
        1,
        1,
        null,
        null,
        1,
        1,
        1,
        1,
        null,
        null,
        1,
        1,
        null,
        null,
        1,
        1,
        1,
        null,
        null,
        1,
        1,
        1,
        null,
        null,
        1,
        1,
        1,
        null,
        null,
        1,
        1,
        1,
        null,
        null,
        1,
        1,
        1,
        null,
        null,
        1,
        1,
        1,
        null,
        null,
        null,
        null
      ],
      "/Users/niketjain/Desktop/rubyprojects/Calculator/spec/Calculate/parser_spec.rb": [
        1,
        null,
        1,
        null,
        3,
        null,
        1,
        null,
        1,
        1,
        null,
        null,
        1,
        1,
        1,
        null,
        null,
        null
      ]
    },
    "timestamp": 1423024193
  }
}
